<?xml version="1.0" encoding="UTF-8"?>
<!-- Generated by org.testng.reporters.JUnitReportReporter -->
<testsuite hostname="DESKTOP-QOQL0HO" failures="0" tests="1" name="shopperstack_testcases.TC_01_Login" time="30.963" errors="0" timestamp="2023-12-01T21:47:46 GMT-08:00" skipped="0">
  <testcase classname="shopperstack_testcases.TC_01_Login" name="loginTest" time="30.963"/>
  <system-out/>
</testsuite> <!-- shopperstack_testcases.TC_01_Login -->
