<?xml version="1.0" encoding="UTF-8"?>
<!-- Generated by org.testng.reporters.JUnitReportReporter -->
<testsuite hostname="DESKTOP-QOQL0HO" failures="0" tests="1" name="shopperstack_testcases.TC_02_ChooseItem_Kids" time="26.571" errors="0" timestamp="2023-12-01T22:03:57 GMT-08:00" skipped="0">
  <testcase classname="shopperstack_testcases.TC_02_ChooseItem_Kids" name="chooseItemKids" time="26.571"/>
  <system-out/>
</testsuite> <!-- shopperstack_testcases.TC_02_ChooseItem_Kids -->
